Copyright 1986-2016 Xilinx, Inc. All Rights Reserved.
---------------------------------------------------------------------------------------------------------------------------------------
| Tool Version : Vivado v.2016.3 (win64) Build 1682563 Mon Oct 10 19:07:27 MDT 2016
| Date         : Wed May 10 11:50:24 2017
| Host         : LAPTOP-L1N8U9P6 running 64-bit major release  (build 9200)
| Command      : report_methodology -file design_1_wrapper_methodology_drc_routed.rpt -rpx design_1_wrapper_methodology_drc_routed.rpx
| Design       : design_1_wrapper
| Device       : xc7a100tcsg324-1
| Speed File   : -1
| Design State : Routed
---------------------------------------------------------------------------------------------------------------------------------------

Report Methodology

Table of Contents
-----------------
1. REPORT SUMMARY
2. REPORT DETAILS

1. REPORT SUMMARY
-----------------
            Netlist: netlist
          Floorplan: design_1
      Design limits: <entire design considered>
             Max violations: <unlimited>
             Violations found: 8
+-----------+----------+-------------------------------+------------+
| Rule      | Severity | Description                   | Violations |
+-----------+----------+-------------------------------+------------+
| TIMING-9  | Warning  | Unknown CDC Logic             | 1          |
| TIMING-18 | Warning  | Missing input or output delay | 7          |
+-----------+----------+-------------------------------+------------+

2. REPORT DETAILS
-----------------
TIMING-9#1 Warning
Unknown CDC Logic  
One or more asynchronous Clock Domain Crossing has been detected between 2 clock domains through a set_false_path or a set_clock_groups or set_max_delay -datapath_only constraint but no double-registers logic synchronizer has been found on the side of the capture clock. It is recommended to run report_cdc for a complete and detailed CDC coverage
Related violations: <none>

TIMING-18#1 Warning
Missing input or output delay  
An input delay is missing on MISO relative to clock(s) sys_clock 
Related violations: <none>

TIMING-18#2 Warning
Missing input or output delay  
An input delay is missing on reset relative to clock(s) sys_clock 
Related violations: <none>

TIMING-18#3 Warning
Missing input or output delay  
An input delay is missing on usb_uart_rxd relative to clock(s) sys_clock 
Related violations: <none>

TIMING-18#4 Warning
Missing input or output delay  
An output delay is missing on CS[0] relative to clock(s) sys_clock 
Related violations: <none>

TIMING-18#5 Warning
Missing input or output delay  
An output delay is missing on MOSI relative to clock(s) sys_clock 
Related violations: <none>

TIMING-18#6 Warning
Missing input or output delay  
An output delay is missing on SCLK relative to clock(s) sys_clock 
Related violations: <none>

TIMING-18#7 Warning
Missing input or output delay  
An output delay is missing on usb_uart_txd relative to clock(s) sys_clock 
Related violations: <none>


