10:53:36 INFO  : Registering command handlers for SDK TCF services
10:53:36 INFO  : Launching XSCT server: xsct.bat -interactive C:\College\Thesis\spi_test\spi\spi.sdk\temp_xsdb_launch_script.tcl
10:53:39 INFO  : XSCT server has started successfully.
10:53:43 INFO  : Successfully done setting XSCT server connection channel  
10:53:43 INFO  : Processing command line option -hwspec C:/College/Thesis/spi_test/spi/spi.sdk/design_1_wrapper.hdf.
10:53:43 INFO  : Successfully done setting SDK workspace  
10:56:43 INFO  : Connected to target on host '127.0.0.1' and port '3121'.
10:56:45 INFO  : 'targets -set -filter {jtag_cable_name =~ "Digilent Nexys4 210274592338A" && level==0} -index 0' command is executed.
10:56:48 INFO  : FPGA configured successfully with bitstream "C:/College/Thesis/spi_test/spi/spi.sdk/design_1_wrapper_hw_platform_0/download.bit"
11:06:03 INFO  : 'targets -set -filter {jtag_cable_name =~ "Digilent Nexys4 210274592338A" && level==0} -index 0' command is executed.
11:06:05 INFO  : 'fpga -state' command is executed.
11:06:05 INFO  : Connected to target on host '127.0.0.1' and port '3121'.
11:06:05 INFO  : Jtag cable 'Digilent Nexys4 210274592338A' is selected.
11:06:05 INFO  : 'jtag frequency' command is executed.
11:06:06 INFO  : Context for processor 'microblaze_0' is selected.
11:06:06 INFO  : Hardware design information is loaded from 'C:/College/Thesis/spi_test/spi/spi.sdk/design_1_wrapper_hw_platform_0/system.hdf'.
11:06:06 INFO  : Context for processor 'microblaze_0' is selected.
11:06:06 INFO  : Processor reset is completed for 'microblaze_0'.
11:06:07 INFO  : Context for processor 'microblaze_0' is selected.
11:06:10 INFO  : The application 'C:/College/Thesis/spi_test/spi/spi.sdk/spiApp/Debug/spiApp.elf' is downloaded to processor 'microblaze_0'.
11:06:10 INFO  : ----------------XSDB Script----------------
connect -url tcp:127.0.0.1:3121
targets -set -nocase -filter {name =~ "microblaze*#0" && bscan=="USER2"  && jtag_cable_name =~ "Digilent Nexys4 210274592338A"} -index 0
loadhw C:/College/Thesis/spi_test/spi/spi.sdk/design_1_wrapper_hw_platform_0/system.hdf
targets -set -nocase -filter {name =~ "microblaze*#0" && bscan=="USER2"  && jtag_cable_name =~ "Digilent Nexys4 210274592338A"} -index 0
rst -processor
targets -set -nocase -filter {name =~ "microblaze*#0" && bscan=="USER2"  && jtag_cable_name =~ "Digilent Nexys4 210274592338A"} -index 0
dow C:/College/Thesis/spi_test/spi/spi.sdk/spiApp/Debug/spiApp.elf
----------------End of Script----------------

11:06:10 INFO  : Memory regions updated for context MicroBlaze #0
11:06:10 INFO  : Memory regions updated for context MicroBlaze Debug Module at USER2
11:06:10 INFO  : Context for processor 'microblaze_0' is selected.
11:06:10 INFO  : 'con' command is executed.
11:06:10 INFO  : ----------------XSDB Script (After Launch)----------------
targets -set -nocase -filter {name =~ "microblaze*#0" && bscan=="USER2"  && jtag_cable_name =~ "Digilent Nexys4 210274592338A"} -index 0
con
----------------End of Script----------------

11:06:10 INFO  : Launch script is exported to file 'C:\College\Thesis\spi_test\spi\spi.sdk\.sdk\launch_scripts\xilinx_c-c++_application_(system_debugger)\system_debugger_using_debug_spiapp.elf_on_local.tcl'
11:07:19 INFO  : Disconnected from the channel tcfchan#1.
11:07:21 ERROR : Unexpected error while parsing XMD response ?: com.google.gson.JsonSyntaxException: com.google.gson.stream.MalformedJsonException: invalid number or unquoted string near 
11:07:37 INFO  : Registering command handlers for SDK TCF services
11:07:37 INFO  : Launching XSCT server: xsct.bat -interactive C:\College\Thesis\spi_test\spi\spi.sdk\temp_xsdb_launch_script.tcl
11:07:39 INFO  : XSCT server has started successfully.
11:07:39 INFO  : Successfully done setting XSCT server connection channel  
11:07:40 INFO  : Processing command line option -hwspec C:/College/Thesis/spi_test/spi/spi.sdk/design_1_wrapper.hdf.
11:07:40 INFO  : Successfully done setting SDK workspace  
11:07:40 INFO  : Checking for hwspec changes in the project design_1_wrapper_hw_platform_0.
11:08:08 INFO  : Processor reset is completed for microblaze_0
11:08:08 ERROR : Port COM4 is already in use.
11:09:17 INFO  : Connected to target on host '127.0.0.1' and port '3121'.
11:09:19 INFO  : 'targets -set -filter {jtag_cable_name =~ "Digilent Nexys4 210274592338A" && level==0} -index 0' command is executed.
11:09:21 INFO  : FPGA configured successfully with bitstream "C:/College/Thesis/spi_test/spi/spi.sdk/design_1_wrapper_hw_platform_0/download.bit"
11:09:32 INFO  : 'targets -set -filter {jtag_cable_name =~ "Digilent Nexys4 210274592338A" && level==0} -index 0' command is executed.
11:09:32 INFO  : 'fpga -state' command is executed.
11:09:32 INFO  : Connected to target on host '127.0.0.1' and port '3121'.
11:09:32 INFO  : Jtag cable 'Digilent Nexys4 210274592338A' is selected.
11:09:33 INFO  : 'jtag frequency' command is executed.
11:09:33 INFO  : Context for processor 'microblaze_0' is selected.
11:09:33 INFO  : Hardware design information is loaded from 'C:/College/Thesis/spi_test/spi/spi.sdk/design_1_wrapper_hw_platform_0/system.hdf'.
11:09:33 INFO  : Context for processor 'microblaze_0' is selected.
11:09:33 INFO  : Processor reset is completed for 'microblaze_0'.
11:09:34 INFO  : Context for processor 'microblaze_0' is selected.
11:09:34 INFO  : The application 'C:/College/Thesis/spi_test/spi/spi.sdk/spiApp/Debug/spiApp.elf' is downloaded to processor 'microblaze_0'.
11:09:34 INFO  : ----------------XSDB Script----------------
connect -url tcp:127.0.0.1:3121
targets -set -nocase -filter {name =~ "microblaze*#0" && bscan=="USER2"  && jtag_cable_name =~ "Digilent Nexys4 210274592338A"} -index 0
loadhw C:/College/Thesis/spi_test/spi/spi.sdk/design_1_wrapper_hw_platform_0/system.hdf
targets -set -nocase -filter {name =~ "microblaze*#0" && bscan=="USER2"  && jtag_cable_name =~ "Digilent Nexys4 210274592338A"} -index 0
rst -processor
targets -set -nocase -filter {name =~ "microblaze*#0" && bscan=="USER2"  && jtag_cable_name =~ "Digilent Nexys4 210274592338A"} -index 0
dow C:/College/Thesis/spi_test/spi/spi.sdk/spiApp/Debug/spiApp.elf
----------------End of Script----------------

11:09:34 INFO  : Memory regions updated for context MicroBlaze #0
11:09:34 INFO  : Memory regions updated for context MicroBlaze Debug Module at USER2
11:09:34 INFO  : Context for processor 'microblaze_0' is selected.
11:09:34 INFO  : 'con' command is executed.
11:09:34 INFO  : ----------------XSDB Script (After Launch)----------------
targets -set -nocase -filter {name =~ "microblaze*#0" && bscan=="USER2"  && jtag_cable_name =~ "Digilent Nexys4 210274592338A"} -index 0
con
----------------End of Script----------------

11:09:34 INFO  : Launch script is exported to file 'C:\College\Thesis\spi_test\spi\spi.sdk\.sdk\launch_scripts\xilinx_c-c++_application_(system_debugger)\system_debugger_using_debug_spiapp.elf_on_local.tcl'
11:12:29 INFO  : Connected to target on host '127.0.0.1' and port '3121'.
11:12:30 INFO  : 'targets -set -filter {jtag_cable_name =~ "Digilent Nexys4 210274592338A" && level==0} -index 0' command is executed.
11:12:32 INFO  : FPGA configured successfully with bitstream "C:/College/Thesis/spi_test/spi/spi.sdk/design_1_wrapper_hw_platform_0/download.bit"
11:12:49 INFO  : Disconnected from the channel tcfchan#1.
11:12:52 INFO  : 'targets -set -filter {jtag_cable_name =~ "Digilent Nexys4 210274592338A" && level==0} -index 0' command is executed.
11:12:52 INFO  : 'fpga -state' command is executed.
11:12:52 INFO  : Connected to target on host '127.0.0.1' and port '3121'.
11:12:52 INFO  : Jtag cable 'Digilent Nexys4 210274592338A' is selected.
11:12:52 INFO  : 'jtag frequency' command is executed.
11:12:52 INFO  : Context for processor 'microblaze_0' is selected.
11:12:53 INFO  : Hardware design information is loaded from 'C:/College/Thesis/spi_test/spi/spi.sdk/design_1_wrapper_hw_platform_0/system.hdf'.
11:12:53 INFO  : Context for processor 'microblaze_0' is selected.
11:12:54 INFO  : Processor reset is completed for 'microblaze_0'.
11:12:54 INFO  : Context for processor 'microblaze_0' is selected.
11:12:56 INFO  : The application 'C:/College/Thesis/spi_test/spi/spi.sdk/spiApp/Debug/spiApp.elf' is downloaded to processor 'microblaze_0'.
11:12:56 INFO  : ----------------XSDB Script----------------
connect -url tcp:127.0.0.1:3121
targets -set -nocase -filter {name =~ "microblaze*#0" && bscan=="USER2"  && jtag_cable_name =~ "Digilent Nexys4 210274592338A"} -index 0
loadhw C:/College/Thesis/spi_test/spi/spi.sdk/design_1_wrapper_hw_platform_0/system.hdf
targets -set -nocase -filter {name =~ "microblaze*#0" && bscan=="USER2"  && jtag_cable_name =~ "Digilent Nexys4 210274592338A"} -index 0
rst -processor
targets -set -nocase -filter {name =~ "microblaze*#0" && bscan=="USER2"  && jtag_cable_name =~ "Digilent Nexys4 210274592338A"} -index 0
dow C:/College/Thesis/spi_test/spi/spi.sdk/spiApp/Debug/spiApp.elf
----------------End of Script----------------

11:12:57 INFO  : Memory regions updated for context MicroBlaze #0
11:12:57 INFO  : Memory regions updated for context MicroBlaze Debug Module at USER2
11:12:57 INFO  : Context for processor 'microblaze_0' is selected.
11:12:57 INFO  : 'con' command is executed.
11:12:57 INFO  : ----------------XSDB Script (After Launch)----------------
targets -set -nocase -filter {name =~ "microblaze*#0" && bscan=="USER2"  && jtag_cable_name =~ "Digilent Nexys4 210274592338A"} -index 0
con
----------------End of Script----------------

11:12:57 INFO  : Launch script is exported to file 'C:\College\Thesis\spi_test\spi\spi.sdk\.sdk\launch_scripts\xilinx_c-c++_application_(system_debugger)\system_debugger_using_debug_spiapp.elf_on_local.tcl'
11:16:56 INFO  : Connected to target on host '127.0.0.1' and port '3121'.
11:16:56 INFO  : 'targets -set -filter {jtag_cable_name =~ "Digilent Nexys4 210274592338A" && level==0} -index 0' command is executed.
11:16:59 INFO  : FPGA configured successfully with bitstream "C:/College/Thesis/spi_test/spi/spi.sdk/design_1_wrapper_hw_platform_0/download.bit"
11:17:30 INFO  : Disconnected from the channel tcfchan#2.
11:17:31 INFO  : 'targets -set -filter {jtag_cable_name =~ "Digilent Nexys4 210274592338A" && level==0} -index 0' command is executed.
11:17:31 INFO  : 'fpga -state' command is executed.
11:17:32 INFO  : Connected to target on host '127.0.0.1' and port '3121'.
11:17:33 INFO  : Jtag cable 'Digilent Nexys4 210274592338A' is selected.
11:17:33 INFO  : 'jtag frequency' command is executed.
11:17:33 INFO  : Context for processor 'microblaze_0' is selected.
11:17:34 INFO  : Hardware design information is loaded from 'C:/College/Thesis/spi_test/spi/spi.sdk/design_1_wrapper_hw_platform_0/system.hdf'.
11:17:35 INFO  : Context for processor 'microblaze_0' is selected.
11:17:37 INFO  : Processor reset is completed for 'microblaze_0'.
11:17:38 INFO  : Context for processor 'microblaze_0' is selected.
11:17:41 INFO  : The application 'C:/College/Thesis/spi_test/spi/spi.sdk/spiApp/Debug/spiApp.elf' is downloaded to processor 'microblaze_0'.
11:17:41 INFO  : ----------------XSDB Script----------------
connect -url tcp:127.0.0.1:3121
targets -set -nocase -filter {name =~ "microblaze*#0" && bscan=="USER2"  && jtag_cable_name =~ "Digilent Nexys4 210274592338A"} -index 0
loadhw C:/College/Thesis/spi_test/spi/spi.sdk/design_1_wrapper_hw_platform_0/system.hdf
targets -set -nocase -filter {name =~ "microblaze*#0" && bscan=="USER2"  && jtag_cable_name =~ "Digilent Nexys4 210274592338A"} -index 0
rst -processor
targets -set -nocase -filter {name =~ "microblaze*#0" && bscan=="USER2"  && jtag_cable_name =~ "Digilent Nexys4 210274592338A"} -index 0
dow C:/College/Thesis/spi_test/spi/spi.sdk/spiApp/Debug/spiApp.elf
----------------End of Script----------------

11:17:41 INFO  : Memory regions updated for context MicroBlaze #0
11:17:41 INFO  : Memory regions updated for context MicroBlaze Debug Module at USER2
11:17:41 INFO  : Context for processor 'microblaze_0' is selected.
11:17:41 INFO  : 'con' command is executed.
11:17:41 INFO  : ----------------XSDB Script (After Launch)----------------
targets -set -nocase -filter {name =~ "microblaze*#0" && bscan=="USER2"  && jtag_cable_name =~ "Digilent Nexys4 210274592338A"} -index 0
con
----------------End of Script----------------

11:17:41 INFO  : Launch script is exported to file 'C:\College\Thesis\spi_test\spi\spi.sdk\.sdk\launch_scripts\xilinx_c-c++_application_(system_debugger)\system_debugger_using_debug_spiapp.elf_on_local.tcl'
11:19:12 INFO  : Connected to target on host '127.0.0.1' and port '3121'.
11:19:12 INFO  : 'targets -set -filter {jtag_cable_name =~ "Digilent Nexys4 210274592338A" && level==0} -index 0' command is executed.
11:19:15 INFO  : FPGA configured successfully with bitstream "C:/College/Thesis/spi_test/spi/spi.sdk/design_1_wrapper_hw_platform_0/download.bit"
11:19:34 INFO  : Disconnected from the channel tcfchan#3.
11:19:36 INFO  : 'targets -set -filter {jtag_cable_name =~ "Digilent Nexys4 210274592338A" && level==0} -index 0' command is executed.
11:19:36 INFO  : 'fpga -state' command is executed.
11:19:36 INFO  : Connected to target on host '127.0.0.1' and port '3121'.
11:19:37 INFO  : Jtag cable 'Digilent Nexys4 210274592338A' is selected.
11:19:37 INFO  : 'jtag frequency' command is executed.
11:19:37 INFO  : Context for processor 'microblaze_0' is selected.
11:19:37 INFO  : Hardware design information is loaded from 'C:/College/Thesis/spi_test/spi/spi.sdk/design_1_wrapper_hw_platform_0/system.hdf'.
11:19:37 INFO  : Context for processor 'microblaze_0' is selected.
11:19:37 INFO  : Processor reset is completed for 'microblaze_0'.
11:19:38 INFO  : Context for processor 'microblaze_0' is selected.
11:19:39 INFO  : The application 'C:/College/Thesis/spi_test/spi/spi.sdk/spiApp/Debug/spiApp.elf' is downloaded to processor 'microblaze_0'.
11:19:39 INFO  : ----------------XSDB Script----------------
connect -url tcp:127.0.0.1:3121
targets -set -nocase -filter {name =~ "microblaze*#0" && bscan=="USER2"  && jtag_cable_name =~ "Digilent Nexys4 210274592338A"} -index 0
loadhw C:/College/Thesis/spi_test/spi/spi.sdk/design_1_wrapper_hw_platform_0/system.hdf
targets -set -nocase -filter {name =~ "microblaze*#0" && bscan=="USER2"  && jtag_cable_name =~ "Digilent Nexys4 210274592338A"} -index 0
rst -processor
targets -set -nocase -filter {name =~ "microblaze*#0" && bscan=="USER2"  && jtag_cable_name =~ "Digilent Nexys4 210274592338A"} -index 0
dow C:/College/Thesis/spi_test/spi/spi.sdk/spiApp/Debug/spiApp.elf
----------------End of Script----------------

11:19:39 INFO  : Memory regions updated for context MicroBlaze #0
11:19:39 INFO  : Memory regions updated for context MicroBlaze Debug Module at USER2
11:19:39 INFO  : Context for processor 'microblaze_0' is selected.
11:19:39 INFO  : 'con' command is executed.
11:19:39 INFO  : ----------------XSDB Script (After Launch)----------------
targets -set -nocase -filter {name =~ "microblaze*#0" && bscan=="USER2"  && jtag_cable_name =~ "Digilent Nexys4 210274592338A"} -index 0
con
----------------End of Script----------------

11:19:39 INFO  : Launch script is exported to file 'C:\College\Thesis\spi_test\spi\spi.sdk\.sdk\launch_scripts\xilinx_c-c++_application_(system_debugger)\system_debugger_using_debug_spiapp.elf_on_local.tcl'
11:20:27 INFO  : Disconnected from the channel tcfchan#4.
11:20:29 INFO  : 'targets -set -filter {jtag_cable_name =~ "Digilent Nexys4 210274592338A" && level==0} -index 0' command is executed.
11:20:30 INFO  : 'fpga -state' command is executed.
11:20:30 INFO  : Connected to target on host '127.0.0.1' and port '3121'.
11:20:31 INFO  : Jtag cable 'Digilent Nexys4 210274592338A' is selected.
11:20:32 INFO  : 'jtag frequency' command is executed.
11:20:32 INFO  : Context for processor 'microblaze_0' is selected.
11:20:32 INFO  : Hardware design information is loaded from 'C:/College/Thesis/spi_test/spi/spi.sdk/design_1_wrapper_hw_platform_0/system.hdf'.
11:20:32 INFO  : Context for processor 'microblaze_0' is selected.
11:20:35 INFO  : Processor reset is completed for 'microblaze_0'.
11:20:35 INFO  : Context for processor 'microblaze_0' is selected.
11:20:38 INFO  : The application 'C:/College/Thesis/spi_test/spi/spi.sdk/spiApp/Debug/spiApp.elf' is downloaded to processor 'microblaze_0'.
11:20:38 INFO  : ----------------XSDB Script----------------
connect -url tcp:127.0.0.1:3121
targets -set -nocase -filter {name =~ "microblaze*#0" && bscan=="USER2"  && jtag_cable_name =~ "Digilent Nexys4 210274592338A"} -index 0
loadhw C:/College/Thesis/spi_test/spi/spi.sdk/design_1_wrapper_hw_platform_0/system.hdf
targets -set -nocase -filter {name =~ "microblaze*#0" && bscan=="USER2"  && jtag_cable_name =~ "Digilent Nexys4 210274592338A"} -index 0
rst -processor
targets -set -nocase -filter {name =~ "microblaze*#0" && bscan=="USER2"  && jtag_cable_name =~ "Digilent Nexys4 210274592338A"} -index 0
dow C:/College/Thesis/spi_test/spi/spi.sdk/spiApp/Debug/spiApp.elf
----------------End of Script----------------

11:20:38 INFO  : Memory regions updated for context MicroBlaze #0
11:20:38 INFO  : Memory regions updated for context MicroBlaze Debug Module at USER2
11:20:38 INFO  : Context for processor 'microblaze_0' is selected.
11:20:38 INFO  : 'con' command is executed.
11:20:38 INFO  : ----------------XSDB Script (After Launch)----------------
targets -set -nocase -filter {name =~ "microblaze*#0" && bscan=="USER2"  && jtag_cable_name =~ "Digilent Nexys4 210274592338A"} -index 0
con
----------------End of Script----------------

11:20:38 INFO  : Launch script is exported to file 'C:\College\Thesis\spi_test\spi\spi.sdk\.sdk\launch_scripts\xilinx_c-c++_application_(system_debugger)\system_debugger_using_debug_spiapp.elf_on_local.tcl'
11:21:40 INFO  : Connected to target on host '127.0.0.1' and port '3121'.
11:21:40 INFO  : 'targets -set -filter {jtag_cable_name =~ "Digilent Nexys4 210274592338A" && level==0} -index 0' command is executed.
11:21:43 INFO  : FPGA configured successfully with bitstream "C:/College/Thesis/spi_test/spi/spi.sdk/design_1_wrapper_hw_platform_0/download.bit"
11:21:54 INFO  : Disconnected from the channel tcfchan#5.
11:21:56 INFO  : 'targets -set -filter {jtag_cable_name =~ "Digilent Nexys4 210274592338A" && level==0} -index 0' command is executed.
11:21:57 INFO  : 'fpga -state' command is executed.
11:21:57 INFO  : Connected to target on host '127.0.0.1' and port '3121'.
11:21:58 INFO  : Jtag cable 'Digilent Nexys4 210274592338A' is selected.
11:22:00 INFO  : 'jtag frequency' command is executed.
11:22:00 INFO  : Context for processor 'microblaze_0' is selected.
11:22:00 INFO  : Hardware design information is loaded from 'C:/College/Thesis/spi_test/spi/spi.sdk/design_1_wrapper_hw_platform_0/system.hdf'.
11:22:00 INFO  : Context for processor 'microblaze_0' is selected.
11:22:01 INFO  : Processor reset is completed for 'microblaze_0'.
11:22:01 INFO  : Context for processor 'microblaze_0' is selected.
11:22:05 INFO  : The application 'C:/College/Thesis/spi_test/spi/spi.sdk/spiApp/Debug/spiApp.elf' is downloaded to processor 'microblaze_0'.
11:22:05 INFO  : ----------------XSDB Script----------------
connect -url tcp:127.0.0.1:3121
targets -set -nocase -filter {name =~ "microblaze*#0" && bscan=="USER2"  && jtag_cable_name =~ "Digilent Nexys4 210274592338A"} -index 0
loadhw C:/College/Thesis/spi_test/spi/spi.sdk/design_1_wrapper_hw_platform_0/system.hdf
targets -set -nocase -filter {name =~ "microblaze*#0" && bscan=="USER2"  && jtag_cable_name =~ "Digilent Nexys4 210274592338A"} -index 0
rst -processor
targets -set -nocase -filter {name =~ "microblaze*#0" && bscan=="USER2"  && jtag_cable_name =~ "Digilent Nexys4 210274592338A"} -index 0
dow C:/College/Thesis/spi_test/spi/spi.sdk/spiApp/Debug/spiApp.elf
----------------End of Script----------------

11:22:05 INFO  : Memory regions updated for context MicroBlaze #0
11:22:05 INFO  : Memory regions updated for context MicroBlaze Debug Module at USER2
11:22:05 INFO  : Context for processor 'microblaze_0' is selected.
11:22:05 INFO  : 'con' command is executed.
11:22:05 INFO  : ----------------XSDB Script (After Launch)----------------
targets -set -nocase -filter {name =~ "microblaze*#0" && bscan=="USER2"  && jtag_cable_name =~ "Digilent Nexys4 210274592338A"} -index 0
con
----------------End of Script----------------

11:22:05 INFO  : Launch script is exported to file 'C:\College\Thesis\spi_test\spi\spi.sdk\.sdk\launch_scripts\xilinx_c-c++_application_(system_debugger)\system_debugger_using_debug_spiapp.elf_on_local.tcl'
11:24:40 INFO  : Disconnected from the channel tcfchan#6.
11:24:42 ERROR : Unexpected error while parsing XMD response ?: com.google.gson.JsonSyntaxException: com.google.gson.stream.MalformedJsonException: invalid number or unquoted string near 
11:51:37 INFO  : Registering command handlers for SDK TCF services
11:51:37 INFO  : Launching XSCT server: xsct.bat -interactive C:\College\Thesis\spi_test_noFIFO\spi\spi.sdk\temp_xsdb_launch_script.tcl
11:51:39 INFO  : XSCT server has started successfully.
11:51:40 INFO  : Successfully done setting XSCT server connection channel  
11:51:40 INFO  : Processing command line option -hwspec C:/College/Thesis/spi_test_noFIFO/spi/spi.sdk/design_1_wrapper.hdf.
11:51:40 INFO  : Successfully done setting SDK workspace  
11:52:38 INFO  : Connected to target on host '127.0.0.1' and port '3121'.
11:52:42 INFO  : 'targets -set -filter {jtag_cable_name =~ "Digilent Nexys4 210274592338A" && level==0} -index 0' command is executed.
11:52:44 INFO  : FPGA configured successfully with bitstream "C:/College/Thesis/spi_test_noFIFO/spi/spi.sdk/design_1_wrapper_hw_platform_0/download.bit"
11:53:19 INFO  : 'targets -set -filter {jtag_cable_name =~ "Digilent Nexys4 210274592338A" && level==0} -index 0' command is executed.
11:53:19 INFO  : 'fpga -state' command is executed.
11:53:19 INFO  : Connected to target on host '127.0.0.1' and port '3121'.
11:53:19 INFO  : Jtag cable 'Digilent Nexys4 210274592338A' is selected.
11:53:19 INFO  : 'jtag frequency' command is executed.
11:53:19 INFO  : Context for processor 'microblaze_0' is selected.
11:53:19 INFO  : Hardware design information is loaded from 'C:/College/Thesis/spi_test_noFIFO/spi/spi.sdk/design_1_wrapper_hw_platform_0/system.hdf'.
11:53:19 INFO  : Context for processor 'microblaze_0' is selected.
11:53:20 INFO  : Processor reset is completed for 'microblaze_0'.
11:53:20 INFO  : Context for processor 'microblaze_0' is selected.
11:53:21 INFO  : The application 'C:/College/Thesis/spi_test_noFIFO/spi/spi.sdk/spiApp/Debug/spiApp.elf' is downloaded to processor 'microblaze_0'.
11:53:21 INFO  : ----------------XSDB Script----------------
connect -url tcp:127.0.0.1:3121
targets -set -nocase -filter {name =~ "microblaze*#0" && bscan=="USER2"  && jtag_cable_name =~ "Digilent Nexys4 210274592338A"} -index 0
loadhw C:/College/Thesis/spi_test_noFIFO/spi/spi.sdk/design_1_wrapper_hw_platform_0/system.hdf
targets -set -nocase -filter {name =~ "microblaze*#0" && bscan=="USER2"  && jtag_cable_name =~ "Digilent Nexys4 210274592338A"} -index 0
rst -processor
targets -set -nocase -filter {name =~ "microblaze*#0" && bscan=="USER2"  && jtag_cable_name =~ "Digilent Nexys4 210274592338A"} -index 0
dow C:/College/Thesis/spi_test_noFIFO/spi/spi.sdk/spiApp/Debug/spiApp.elf
----------------End of Script----------------

11:53:21 INFO  : Memory regions updated for context MicroBlaze #0
11:53:21 INFO  : Memory regions updated for context MicroBlaze Debug Module at USER2
11:53:22 INFO  : Context for processor 'microblaze_0' is selected.
11:53:22 INFO  : 'con' command is executed.
11:53:22 INFO  : ----------------XSDB Script (After Launch)----------------
targets -set -nocase -filter {name =~ "microblaze*#0" && bscan=="USER2"  && jtag_cable_name =~ "Digilent Nexys4 210274592338A"} -index 0
con
----------------End of Script----------------

11:53:22 INFO  : Launch script is exported to file 'C:\College\Thesis\spi_test_noFIFO\spi\spi.sdk\.sdk\launch_scripts\xilinx_c-c++_application_(system_debugger)\system_debugger_using_debug_spiapp.elf_on_local.tcl'
11:55:55 INFO  : Disconnected from the channel tcfchan#1.
11:55:57 INFO  : 'targets -set -filter {jtag_cable_name =~ "Digilent Nexys4 210274592338A" && level==0} -index 0' command is executed.
11:55:57 INFO  : 'fpga -state' command is executed.
11:55:57 INFO  : Connected to target on host '127.0.0.1' and port '3121'.
11:55:58 INFO  : Jtag cable 'Digilent Nexys4 210274592338A' is selected.
11:55:58 INFO  : 'jtag frequency' command is executed.
11:55:58 INFO  : Context for processor 'microblaze_0' is selected.
11:55:58 INFO  : Hardware design information is loaded from 'C:/College/Thesis/spi_test_noFIFO/spi/spi.sdk/design_1_wrapper_hw_platform_0/system.hdf'.
11:55:58 INFO  : Context for processor 'microblaze_0' is selected.
11:55:58 INFO  : Processor reset is completed for 'microblaze_0'.
11:55:59 INFO  : Context for processor 'microblaze_0' is selected.
11:55:59 INFO  : The application 'C:/College/Thesis/spi_test_noFIFO/spi/spi.sdk/spiApp/Debug/spiApp.elf' is downloaded to processor 'microblaze_0'.
11:55:59 INFO  : ----------------XSDB Script----------------
connect -url tcp:127.0.0.1:3121
targets -set -nocase -filter {name =~ "microblaze*#0" && bscan=="USER2"  && jtag_cable_name =~ "Digilent Nexys4 210274592338A"} -index 0
loadhw C:/College/Thesis/spi_test_noFIFO/spi/spi.sdk/design_1_wrapper_hw_platform_0/system.hdf
targets -set -nocase -filter {name =~ "microblaze*#0" && bscan=="USER2"  && jtag_cable_name =~ "Digilent Nexys4 210274592338A"} -index 0
rst -processor
targets -set -nocase -filter {name =~ "microblaze*#0" && bscan=="USER2"  && jtag_cable_name =~ "Digilent Nexys4 210274592338A"} -index 0
dow C:/College/Thesis/spi_test_noFIFO/spi/spi.sdk/spiApp/Debug/spiApp.elf
----------------End of Script----------------

11:55:59 INFO  : Memory regions updated for context MicroBlaze #0
11:55:59 INFO  : Memory regions updated for context MicroBlaze Debug Module at USER2
11:55:59 INFO  : Context for processor 'microblaze_0' is selected.
11:55:59 INFO  : 'con' command is executed.
11:55:59 INFO  : ----------------XSDB Script (After Launch)----------------
targets -set -nocase -filter {name =~ "microblaze*#0" && bscan=="USER2"  && jtag_cable_name =~ "Digilent Nexys4 210274592338A"} -index 0
con
----------------End of Script----------------

11:55:59 INFO  : Launch script is exported to file 'C:\College\Thesis\spi_test_noFIFO\spi\spi.sdk\.sdk\launch_scripts\xilinx_c-c++_application_(system_debugger)\system_debugger_using_debug_spiapp.elf_on_local.tcl'
11:56:39 INFO  : Connected to target on host '127.0.0.1' and port '3121'.
11:56:39 INFO  : 'targets -set -filter {jtag_cable_name =~ "Digilent Nexys4 210274592338A" && level==0} -index 0' command is executed.
11:56:42 INFO  : FPGA configured successfully with bitstream "C:/College/Thesis/spi_test_noFIFO/spi/spi.sdk/design_1_wrapper_hw_platform_0/download.bit"
11:56:58 INFO  : Disconnected from the channel tcfchan#2.
11:57:00 INFO  : 'targets -set -filter {jtag_cable_name =~ "Digilent Nexys4 210274592338A" && level==0} -index 0' command is executed.
11:57:00 INFO  : 'fpga -state' command is executed.
11:57:00 INFO  : Connected to target on host '127.0.0.1' and port '3121'.
11:57:00 INFO  : Jtag cable 'Digilent Nexys4 210274592338A' is selected.
11:57:00 INFO  : 'jtag frequency' command is executed.
11:57:00 INFO  : Context for processor 'microblaze_0' is selected.
11:57:00 INFO  : Hardware design information is loaded from 'C:/College/Thesis/spi_test_noFIFO/spi/spi.sdk/design_1_wrapper_hw_platform_0/system.hdf'.
11:57:01 INFO  : Context for processor 'microblaze_0' is selected.
11:57:01 INFO  : Processor reset is completed for 'microblaze_0'.
11:57:01 INFO  : Context for processor 'microblaze_0' is selected.
11:57:02 INFO  : The application 'C:/College/Thesis/spi_test_noFIFO/spi/spi.sdk/spiApp/Debug/spiApp.elf' is downloaded to processor 'microblaze_0'.
11:57:02 INFO  : ----------------XSDB Script----------------
connect -url tcp:127.0.0.1:3121
targets -set -nocase -filter {name =~ "microblaze*#0" && bscan=="USER2"  && jtag_cable_name =~ "Digilent Nexys4 210274592338A"} -index 0
loadhw C:/College/Thesis/spi_test_noFIFO/spi/spi.sdk/design_1_wrapper_hw_platform_0/system.hdf
targets -set -nocase -filter {name =~ "microblaze*#0" && bscan=="USER2"  && jtag_cable_name =~ "Digilent Nexys4 210274592338A"} -index 0
rst -processor
targets -set -nocase -filter {name =~ "microblaze*#0" && bscan=="USER2"  && jtag_cable_name =~ "Digilent Nexys4 210274592338A"} -index 0
dow C:/College/Thesis/spi_test_noFIFO/spi/spi.sdk/spiApp/Debug/spiApp.elf
----------------End of Script----------------

11:57:02 INFO  : Memory regions updated for context MicroBlaze #0
11:57:02 INFO  : Memory regions updated for context MicroBlaze Debug Module at USER2
11:57:02 INFO  : Context for processor 'microblaze_0' is selected.
11:57:03 INFO  : 'con' command is executed.
11:57:03 INFO  : ----------------XSDB Script (After Launch)----------------
targets -set -nocase -filter {name =~ "microblaze*#0" && bscan=="USER2"  && jtag_cable_name =~ "Digilent Nexys4 210274592338A"} -index 0
con
----------------End of Script----------------

11:57:03 INFO  : Launch script is exported to file 'C:\College\Thesis\spi_test_noFIFO\spi\spi.sdk\.sdk\launch_scripts\xilinx_c-c++_application_(system_debugger)\system_debugger_using_debug_spiapp.elf_on_local.tcl'
11:57:27 INFO  : Disconnected from the channel tcfchan#3.
11:57:28 INFO  : 'targets -set -filter {jtag_cable_name =~ "Digilent Nexys4 210274592338A" && level==0} -index 0' command is executed.
11:57:28 INFO  : 'fpga -state' command is executed.
11:57:28 INFO  : Connected to target on host '127.0.0.1' and port '3121'.
11:57:28 INFO  : Jtag cable 'Digilent Nexys4 210274592338A' is selected.
11:57:28 INFO  : 'jtag frequency' command is executed.
11:57:28 INFO  : Context for processor 'microblaze_0' is selected.
11:57:28 INFO  : Hardware design information is loaded from 'C:/College/Thesis/spi_test_noFIFO/spi/spi.sdk/design_1_wrapper_hw_platform_0/system.hdf'.
11:57:29 INFO  : Context for processor 'microblaze_0' is selected.
11:57:29 INFO  : Processor reset is completed for 'microblaze_0'.
11:57:29 INFO  : Context for processor 'microblaze_0' is selected.
11:57:30 INFO  : The application 'C:/College/Thesis/spi_test_noFIFO/spi/spi.sdk/spiApp/Debug/spiApp.elf' is downloaded to processor 'microblaze_0'.
11:57:30 INFO  : ----------------XSDB Script----------------
connect -url tcp:127.0.0.1:3121
targets -set -nocase -filter {name =~ "microblaze*#0" && bscan=="USER2"  && jtag_cable_name =~ "Digilent Nexys4 210274592338A"} -index 0
loadhw C:/College/Thesis/spi_test_noFIFO/spi/spi.sdk/design_1_wrapper_hw_platform_0/system.hdf
targets -set -nocase -filter {name =~ "microblaze*#0" && bscan=="USER2"  && jtag_cable_name =~ "Digilent Nexys4 210274592338A"} -index 0
rst -processor
targets -set -nocase -filter {name =~ "microblaze*#0" && bscan=="USER2"  && jtag_cable_name =~ "Digilent Nexys4 210274592338A"} -index 0
dow C:/College/Thesis/spi_test_noFIFO/spi/spi.sdk/spiApp/Debug/spiApp.elf
----------------End of Script----------------

11:57:30 INFO  : Memory regions updated for context MicroBlaze #0
11:57:30 INFO  : Memory regions updated for context MicroBlaze Debug Module at USER2
11:57:30 INFO  : Context for processor 'microblaze_0' is selected.
11:57:30 INFO  : 'con' command is executed.
11:57:30 INFO  : ----------------XSDB Script (After Launch)----------------
targets -set -nocase -filter {name =~ "microblaze*#0" && bscan=="USER2"  && jtag_cable_name =~ "Digilent Nexys4 210274592338A"} -index 0
con
----------------End of Script----------------

11:57:30 INFO  : Launch script is exported to file 'C:\College\Thesis\spi_test_noFIFO\spi\spi.sdk\.sdk\launch_scripts\xilinx_c-c++_application_(system_debugger)\system_debugger_using_debug_spiapp.elf_on_local.tcl'
11:58:06 INFO  : Connected to target on host '127.0.0.1' and port '3121'.
11:58:06 INFO  : 'targets -set -filter {jtag_cable_name =~ "Digilent Nexys4 210274592338A" && level==0} -index 0' command is executed.
11:58:09 INFO  : FPGA configured successfully with bitstream "C:/College/Thesis/spi_test_noFIFO/spi/spi.sdk/design_1_wrapper_hw_platform_0/download.bit"
11:58:19 INFO  : Disconnected from the channel tcfchan#4.
11:58:21 INFO  : 'targets -set -filter {jtag_cable_name =~ "Digilent Nexys4 210274592338A" && level==0} -index 0' command is executed.
11:58:21 INFO  : 'fpga -state' command is executed.
11:58:21 INFO  : Connected to target on host '127.0.0.1' and port '3121'.
11:58:21 INFO  : Jtag cable 'Digilent Nexys4 210274592338A' is selected.
11:58:21 INFO  : 'jtag frequency' command is executed.
11:58:21 INFO  : Context for processor 'microblaze_0' is selected.
11:58:21 INFO  : Hardware design information is loaded from 'C:/College/Thesis/spi_test_noFIFO/spi/spi.sdk/design_1_wrapper_hw_platform_0/system.hdf'.
11:58:21 INFO  : Context for processor 'microblaze_0' is selected.
11:58:22 INFO  : Processor reset is completed for 'microblaze_0'.
11:58:22 INFO  : Context for processor 'microblaze_0' is selected.
11:58:23 INFO  : The application 'C:/College/Thesis/spi_test_noFIFO/spi/spi.sdk/spiApp/Debug/spiApp.elf' is downloaded to processor 'microblaze_0'.
11:58:23 INFO  : ----------------XSDB Script----------------
connect -url tcp:127.0.0.1:3121
targets -set -nocase -filter {name =~ "microblaze*#0" && bscan=="USER2"  && jtag_cable_name =~ "Digilent Nexys4 210274592338A"} -index 0
loadhw C:/College/Thesis/spi_test_noFIFO/spi/spi.sdk/design_1_wrapper_hw_platform_0/system.hdf
targets -set -nocase -filter {name =~ "microblaze*#0" && bscan=="USER2"  && jtag_cable_name =~ "Digilent Nexys4 210274592338A"} -index 0
rst -processor
targets -set -nocase -filter {name =~ "microblaze*#0" && bscan=="USER2"  && jtag_cable_name =~ "Digilent Nexys4 210274592338A"} -index 0
dow C:/College/Thesis/spi_test_noFIFO/spi/spi.sdk/spiApp/Debug/spiApp.elf
----------------End of Script----------------

11:58:23 INFO  : Memory regions updated for context MicroBlaze #0
11:58:23 INFO  : Memory regions updated for context MicroBlaze Debug Module at USER2
11:58:23 INFO  : Context for processor 'microblaze_0' is selected.
11:58:24 INFO  : 'con' command is executed.
11:58:24 INFO  : ----------------XSDB Script (After Launch)----------------
targets -set -nocase -filter {name =~ "microblaze*#0" && bscan=="USER2"  && jtag_cable_name =~ "Digilent Nexys4 210274592338A"} -index 0
con
----------------End of Script----------------

11:58:24 INFO  : Launch script is exported to file 'C:\College\Thesis\spi_test_noFIFO\spi\spi.sdk\.sdk\launch_scripts\xilinx_c-c++_application_(system_debugger)\system_debugger_using_debug_spiapp.elf_on_local.tcl'
11:58:32 INFO  : Disconnected from the channel tcfchan#5.
12:35:39 INFO  : Registering command handlers for SDK TCF services
12:35:39 INFO  : Launching XSCT server: xsct.bat -interactive C:\College\Thesis\spi_test_noFIFO\spi\spi.sdk\temp_xsdb_launch_script.tcl
12:35:43 INFO  : XSCT server has started successfully.
12:35:43 INFO  : Successfully done setting XSCT server connection channel  
12:35:43 INFO  : Successfully done setting SDK workspace  
12:35:43 INFO  : Processing command line option -hwspec C:/College/Thesis/spi_test_noFIFO/spi/spi.sdk/design_1_wrapper.hdf.
12:35:43 INFO  : Checking for hwspec changes in the project design_1_wrapper_hw_platform_1.
12:39:36 INFO  : Connected to target on host '127.0.0.1' and port '3121'.
12:39:39 INFO  : 'targets -set -filter {jtag_cable_name =~ "Digilent Nexys4 210274592338A" && level==0} -index 0' command is executed.
12:39:42 INFO  : FPGA configured successfully with bitstream "C:/College/Thesis/spi_test_noFIFO/spi/spi.sdk/design_1_wrapper_hw_platform_0/download.bit"
12:40:14 INFO  : 'targets -set -filter {jtag_cable_name =~ "Digilent Nexys4 210274592338A" && level==0} -index 0' command is executed.
12:40:15 INFO  : 'fpga -state' command is executed.
12:40:15 INFO  : Connected to target on host '127.0.0.1' and port '3121'.
12:40:15 INFO  : Jtag cable 'Digilent Nexys4 210274592338A' is selected.
12:40:15 INFO  : 'jtag frequency' command is executed.
12:40:15 INFO  : Context for processor 'microblaze_0' is selected.
12:40:15 INFO  : Hardware design information is loaded from 'C:/College/Thesis/spi_test_noFIFO/spi/spi.sdk/design_1_wrapper_hw_platform_0/system.hdf'.
12:40:16 INFO  : Context for processor 'microblaze_0' is selected.
12:40:16 INFO  : Processor reset is completed for 'microblaze_0'.
12:40:17 INFO  : Context for processor 'microblaze_0' is selected.
12:40:17 INFO  : The application 'C:/College/Thesis/spi_test_noFIFO/spi/spi.sdk/spiApp/Debug/spiApp.elf' is downloaded to processor 'microblaze_0'.
12:40:17 INFO  : ----------------XSDB Script----------------
connect -url tcp:127.0.0.1:3121
targets -set -nocase -filter {name =~ "microblaze*#0" && bscan=="USER2"  && jtag_cable_name =~ "Digilent Nexys4 210274592338A"} -index 0
loadhw C:/College/Thesis/spi_test_noFIFO/spi/spi.sdk/design_1_wrapper_hw_platform_0/system.hdf
targets -set -nocase -filter {name =~ "microblaze*#0" && bscan=="USER2"  && jtag_cable_name =~ "Digilent Nexys4 210274592338A"} -index 0
rst -processor
targets -set -nocase -filter {name =~ "microblaze*#0" && bscan=="USER2"  && jtag_cable_name =~ "Digilent Nexys4 210274592338A"} -index 0
dow C:/College/Thesis/spi_test_noFIFO/spi/spi.sdk/spiApp/Debug/spiApp.elf
----------------End of Script----------------

12:40:17 INFO  : Memory regions updated for context MicroBlaze #0
12:40:17 INFO  : Memory regions updated for context MicroBlaze Debug Module at USER2
12:40:17 INFO  : Context for processor 'microblaze_0' is selected.
12:40:17 INFO  : 'con' command is executed.
12:40:17 INFO  : ----------------XSDB Script (After Launch)----------------
targets -set -nocase -filter {name =~ "microblaze*#0" && bscan=="USER2"  && jtag_cable_name =~ "Digilent Nexys4 210274592338A"} -index 0
con
----------------End of Script----------------

12:40:17 INFO  : Launch script is exported to file 'C:\College\Thesis\spi_test_noFIFO\spi\spi.sdk\.sdk\launch_scripts\xilinx_c-c++_application_(system_debugger)\system_debugger_using_debug_spiapp.elf_on_local.tcl'
12:45:08 INFO  : Connected to target on host '127.0.0.1' and port '3121'.
12:45:08 INFO  : 'targets -set -filter {jtag_cable_name =~ "Digilent Nexys4 210274592338A" && level==0} -index 0' command is executed.
12:45:10 INFO  : FPGA configured successfully with bitstream "C:/College/Thesis/spi_test_noFIFO/spi/spi.sdk/design_1_wrapper_hw_platform_0/download.bit"
12:45:46 INFO  : Disconnected from the channel tcfchan#1.
12:45:47 INFO  : 'targets -set -filter {jtag_cable_name =~ "Digilent Nexys4 210274592338A" && level==0} -index 0' command is executed.
12:45:48 INFO  : 'fpga -state' command is executed.
12:45:48 INFO  : Connected to target on host '127.0.0.1' and port '3121'.
12:45:48 INFO  : Jtag cable 'Digilent Nexys4 210274592338A' is selected.
12:45:48 INFO  : 'jtag frequency' command is executed.
12:45:48 INFO  : Context for processor 'microblaze_0' is selected.
12:45:49 INFO  : Hardware design information is loaded from 'C:/College/Thesis/spi_test_noFIFO/spi/spi.sdk/design_1_wrapper_hw_platform_0/system.hdf'.
12:45:50 INFO  : Context for processor 'microblaze_0' is selected.
12:45:50 INFO  : Processor reset is completed for 'microblaze_0'.
12:45:50 INFO  : Context for processor 'microblaze_0' is selected.
12:45:52 INFO  : The application 'C:/College/Thesis/spi_test_noFIFO/spi/spi.sdk/spiApp/Debug/spiApp.elf' is downloaded to processor 'microblaze_0'.
12:45:52 INFO  : ----------------XSDB Script----------------
connect -url tcp:127.0.0.1:3121
targets -set -nocase -filter {name =~ "microblaze*#0" && bscan=="USER2"  && jtag_cable_name =~ "Digilent Nexys4 210274592338A"} -index 0
loadhw C:/College/Thesis/spi_test_noFIFO/spi/spi.sdk/design_1_wrapper_hw_platform_0/system.hdf
targets -set -nocase -filter {name =~ "microblaze*#0" && bscan=="USER2"  && jtag_cable_name =~ "Digilent Nexys4 210274592338A"} -index 0
rst -processor
targets -set -nocase -filter {name =~ "microblaze*#0" && bscan=="USER2"  && jtag_cable_name =~ "Digilent Nexys4 210274592338A"} -index 0
dow C:/College/Thesis/spi_test_noFIFO/spi/spi.sdk/spiApp/Debug/spiApp.elf
----------------End of Script----------------

12:45:52 INFO  : Memory regions updated for context MicroBlaze #0
12:45:52 INFO  : Memory regions updated for context MicroBlaze Debug Module at USER2
12:45:52 INFO  : Context for processor 'microblaze_0' is selected.
12:45:52 INFO  : 'con' command is executed.
12:45:52 INFO  : ----------------XSDB Script (After Launch)----------------
targets -set -nocase -filter {name =~ "microblaze*#0" && bscan=="USER2"  && jtag_cable_name =~ "Digilent Nexys4 210274592338A"} -index 0
con
----------------End of Script----------------

12:45:52 INFO  : Launch script is exported to file 'C:\College\Thesis\spi_test_noFIFO\spi\spi.sdk\.sdk\launch_scripts\xilinx_c-c++_application_(system_debugger)\system_debugger_using_debug_spiapp.elf_on_local.tcl'
12:47:26 INFO  : Connected to target on host '127.0.0.1' and port '3121'.
12:47:26 INFO  : 'targets -set -filter {jtag_cable_name =~ "Digilent Nexys4 210274592338A" && level==0} -index 0' command is executed.
12:47:28 INFO  : FPGA configured successfully with bitstream "C:/College/Thesis/spi_test_noFIFO/spi/spi.sdk/design_1_wrapper_hw_platform_0/download.bit"
12:47:56 INFO  : Disconnected from the channel tcfchan#2.
12:47:58 INFO  : 'targets -set -filter {jtag_cable_name =~ "Digilent Nexys4 210274592338A" && level==0} -index 0' command is executed.
12:47:58 INFO  : 'fpga -state' command is executed.
12:47:59 INFO  : Connected to target on host '127.0.0.1' and port '3121'.
12:47:59 INFO  : Jtag cable 'Digilent Nexys4 210274592338A' is selected.
12:47:59 INFO  : 'jtag frequency' command is executed.
12:47:59 INFO  : Context for processor 'microblaze_0' is selected.
12:47:59 INFO  : Hardware design information is loaded from 'C:/College/Thesis/spi_test_noFIFO/spi/spi.sdk/design_1_wrapper_hw_platform_0/system.hdf'.
12:47:59 INFO  : Context for processor 'microblaze_0' is selected.
12:47:59 INFO  : Processor reset is completed for 'microblaze_0'.
12:47:59 INFO  : Context for processor 'microblaze_0' is selected.
12:48:00 INFO  : The application 'C:/College/Thesis/spi_test_noFIFO/spi/spi.sdk/spiApp/Debug/spiApp.elf' is downloaded to processor 'microblaze_0'.
12:48:00 INFO  : ----------------XSDB Script----------------
connect -url tcp:127.0.0.1:3121
targets -set -nocase -filter {name =~ "microblaze*#0" && bscan=="USER2"  && jtag_cable_name =~ "Digilent Nexys4 210274592338A"} -index 0
loadhw C:/College/Thesis/spi_test_noFIFO/spi/spi.sdk/design_1_wrapper_hw_platform_0/system.hdf
targets -set -nocase -filter {name =~ "microblaze*#0" && bscan=="USER2"  && jtag_cable_name =~ "Digilent Nexys4 210274592338A"} -index 0
rst -processor
targets -set -nocase -filter {name =~ "microblaze*#0" && bscan=="USER2"  && jtag_cable_name =~ "Digilent Nexys4 210274592338A"} -index 0
dow C:/College/Thesis/spi_test_noFIFO/spi/spi.sdk/spiApp/Debug/spiApp.elf
----------------End of Script----------------

12:48:00 INFO  : Memory regions updated for context MicroBlaze #0
12:48:00 INFO  : Memory regions updated for context MicroBlaze Debug Module at USER2
12:48:00 INFO  : Context for processor 'microblaze_0' is selected.
12:48:00 INFO  : 'con' command is executed.
12:48:00 INFO  : ----------------XSDB Script (After Launch)----------------
targets -set -nocase -filter {name =~ "microblaze*#0" && bscan=="USER2"  && jtag_cable_name =~ "Digilent Nexys4 210274592338A"} -index 0
con
----------------End of Script----------------

12:48:00 INFO  : Launch script is exported to file 'C:\College\Thesis\spi_test_noFIFO\spi\spi.sdk\.sdk\launch_scripts\xilinx_c-c++_application_(system_debugger)\system_debugger_using_debug_spiapp.elf_on_local.tcl'
17:35:18 INFO  : Disconnected from the channel tcfchan#3.
