#-----------------------------------------------------------
# Webtalk v2016.3 (64-bit)
# SW Build 1682563 on Mon Oct 10 19:07:27 MDT 2016
# 
# Start of session at: Wed May 10 11:07:21 2017
# Process ID: 2044
# Current directory: C:/College/Thesis/spi_test/spi/spi.sdk/webtalk
# Command line: wbtcv.exe -mode batch -source sdk_webtalk.tcl
# Log file: C:/College/Thesis/spi_test/spi/spi.sdk/webtalk/webtalk.log
# Journal file: C:/College/Thesis/spi_test/spi/spi.sdk/webtalk\webtalk.jou
#-----------------------------------------------------------
source sdk_webtalk.tcl
# webtalk_init -webtalk_dir C:\\College\\Thesis\\spi_test\\spi\\spi.sdk\\webtalk
# webtalk_register_client -client project
# webtalk_add_data -client project -key date_generated -value "2017-05-10 11:07:19" -context "software_version_and_target_device"
# webtalk_add_data -client project -key product_version -value "SDK v2016.3" -context "software_version_and_target_device"
# webtalk_add_data -client project -key build_version -value "2016.3" -context "software_version_and_target_device"
# webtalk_add_data -client project -key os_platform -value "amd64" -context "software_version_and_target_device"
# webtalk_add_data -client project -key registration_id -value "175931089_177243875_210651920_921" -context "software_version_and_target_device"
# webtalk_add_data -client project -key tool_flow -value "SDK" -context "software_version_and_target_device"
# webtalk_add_data -client project -key beta -value "false" -context "software_version_and_target_device"
# webtalk_add_data -client project -key route_design -value "NA" -context "software_version_and_target_device"
# webtalk_add_data -client project -key target_family -value "NA" -context "software_version_and_target_device"
# webtalk_add_data -client project -key target_device -value "NA" -context "software_version_and_target_device"
# webtalk_add_data -client project -key target_package -value "NA" -context "software_version_and_target_device"
# webtalk_add_data -client project -key target_speed -value "NA" -context "software_version_and_target_device"
# webtalk_add_data -client project -key random_id -value "ahde2dnst2tds6u5jmsr9a50gb" -context "software_version_and_target_device"
# webtalk_add_data -client project -key project_id -value "2016.3_12" -context "software_version_and_target_device"
# webtalk_add_data -client project -key project_iteration -value "12" -context "software_version_and_target_device"
# webtalk_add_data -client project -key os_name -value "Microsoft Windows 8 or later , 64-bit" -context "user_environment"
# webtalk_add_data -client project -key os_release -value "major release  (build 9200)" -context "user_environment"
# webtalk_add_data -client project -key cpu_name -value "Intel(R) Core(TM) i5-6200U CPU @ 2.30GHz" -context "user_environment"
# webtalk_add_data -client project -key cpu_speed -value "2400 MHz" -context "user_environment"
# webtalk_add_data -client project -key total_processors -value "1" -context "user_environment"
# webtalk_add_data -client project -key system_ram -value "8.000 GB" -context "user_environment"
# webtalk_register_client -client sdk
# webtalk_add_data -client sdk -key uid -value "1494428023679" -context "sdk\\\\hardware/1494428023679"
# webtalk_add_data -client sdk -key isZynq -value "false" -context "sdk\\\\hardware/1494428023679"
# webtalk_add_data -client sdk -key isZynqMP -value "false" -context "sdk\\\\hardware/1494428023679"
# webtalk_add_data -client sdk -key Processors -value "1" -context "sdk\\\\hardware/1494428023679"
# webtalk_add_data -client sdk -key VivadoVersion -value "2016.3" -context "sdk\\\\hardware/1494428023679"
# webtalk_add_data -client sdk -key Arch -value "artix7" -context "sdk\\\\hardware/1494428023679"
# webtalk_add_data -client sdk -key Device -value "7a100t" -context "sdk\\\\hardware/1494428023679"
# webtalk_add_data -client sdk -key IsHandoff -value "true" -context "sdk\\\\hardware/1494428023679"
# webtalk_add_data -client sdk -key os -value "NA" -context "sdk\\\\hardware/1494428023679"
# webtalk_add_data -client sdk -key apptemplate -value "NA" -context "sdk\\\\hardware/1494428023679"
# webtalk_add_data -client sdk -key RecordType -value "HWCreation" -context "sdk\\\\hardware/1494428023679"
# webtalk_add_data -client sdk -key uid -value "1494428066807" -context "sdk\\\\bsp/1494428066807"
# webtalk_add_data -client sdk -key hwid -value "1494428023679" -context "sdk\\\\bsp/1494428066807"
# webtalk_add_data -client sdk -key os -value "standalone" -context "sdk\\\\bsp/1494428066807"
# webtalk_add_data -client sdk -key apptemplate -value "peripheral_tests" -context "sdk\\\\bsp/1494428066807"
# webtalk_add_data -client sdk -key RecordType -value "BSPCreation" -context "sdk\\\\bsp/1494428066807"
# webtalk_add_data -client sdk -key uid -value "1494428072496" -context "sdk\\\\application/1494428072496"
# webtalk_add_data -client sdk -key hwid -value "1494428023679" -context "sdk\\\\application/1494428072496"
# webtalk_add_data -client sdk -key bspid -value "1494428066807" -context "sdk\\\\application/1494428072496"
# webtalk_add_data -client sdk -key newbsp -value "true" -context "sdk\\\\application/1494428072496"
# webtalk_add_data -client sdk -key os -value "standalone" -context "sdk\\\\application/1494428072496"
# webtalk_add_data -client sdk -key apptemplate -value "peripheral_tests" -context "sdk\\\\application/1494428072496"
# webtalk_add_data -client sdk -key RecordType -value "APPCreation" -context "sdk\\\\application/1494428072496"
# webtalk_add_data -client sdk -key LangUsed -value "C" -context "sdk\\\\application/1494428072496"
# webtalk_add_data -client sdk -key Procused -value "microblaze" -context "sdk\\\\application/1494428072496"
# webtalk_add_data -client sdk -key projSize -value "127.2685546875" -context "sdk\\\\application/1494428072496"
# webtalk_add_data -client sdk -key uid -value "NA" -context "sdk\\\\bsp/1494428839422"
# webtalk_add_data -client sdk -key RecordType -value "ToolUsage" -context "sdk\\\\bsp/1494428839422"
# webtalk_add_data -client sdk -key BootgenCount -value "0" -context "sdk\\\\bsp/1494428839422"
# webtalk_add_data -client sdk -key DebugCount -value "1" -context "sdk\\\\bsp/1494428839422"
# webtalk_add_data -client sdk -key PerfCount -value "0" -context "sdk\\\\bsp/1494428839422"
# webtalk_add_data -client sdk -key FlashCount -value "0" -context "sdk\\\\bsp/1494428839422"
# webtalk_add_data -client sdk -key CrossTriggCount -value "0" -context "sdk\\\\bsp/1494428839422"
# webtalk_add_data -client sdk -key QemuDebugCount -value "0" -context "sdk\\\\bsp/1494428839422"
# webtalk_transmit -clientid 3293187219 -regid "175931089_177243875_210651920_921" -xml C:\\College\\Thesis\\spi_test\\spi\\spi.sdk\\webtalk\\usage_statistics_ext_sdk.xml -html C:\\College\\Thesis\\spi_test\\spi\\spi.sdk\\webtalk\\usage_statistics_ext_sdk.html -wdm C:\\College\\Thesis\\spi_test\\spi\\spi.sdk\\webtalk\\sdk_webtalk.wdm -intro "<H3>SDK Usage Report</H3><BR>"
INFO: [Common 17-186] 'C:\College\Thesis\spi_test\spi\spi.sdk\webtalk\usage_statistics_ext_sdk.xml' has been successfully sent to Xilinx on Wed May 10 11:07:25 2017. For additional details about this file, please refer to the WebTalk help file at C:/Xilinx/SDK/2016.3/doc/webtalk_introduction.html.
# webtalk_terminate
INFO: [Common 17-206] Exiting Webtalk at Wed May 10 11:07:25 2017...
