
*** Running vivado
    with args -log design_1_lmb_bram_0.vds -m64 -product Vivado -mode batch -messageDb vivado.pb -notrace -source design_1_lmb_bram_0.tcl


****** Vivado v2016.3 (64-bit)
  **** SW Build 1682563 on Mon Oct 10 19:07:27 MDT 2016
  **** IP Build 1681267 on Mon Oct 10 21:28:31 MDT 2016
    ** Copyright 1986-2016 Xilinx, Inc. All Rights Reserved.

source design_1_lmb_bram_0.tcl -notrace
Starting RTL Elaboration : Time (s): cpu = 00:00:11 ; elapsed = 00:00:14 . Memory (MB): peak = 339.008 ; gain = 128.945
INFO: [Synth 8-638] synthesizing module 'design_1_lmb_bram_0' [c:/College/Thesis/spi_test/spi/spi.srcs/sources_1/bd/design_1/ip/design_1_lmb_bram_0/synth/design_1_lmb_bram_0.vhd:78]
INFO: [Synth 8-256] done synthesizing module 'design_1_lmb_bram_0' (11#1) [c:/College/Thesis/spi_test/spi/spi.srcs/sources_1/bd/design_1/ip/design_1_lmb_bram_0/synth/design_1_lmb_bram_0.vhd:78]
Finished RTL Elaboration : Time (s): cpu = 00:01:13 ; elapsed = 00:01:17 . Memory (MB): peak = 538.375 ; gain = 328.313
Finished RTL Optimization Phase 1 : Time (s): cpu = 00:01:14 ; elapsed = 00:01:18 . Memory (MB): peak = 538.375 ; gain = 328.313
INFO: [Device 21-403] Loading part xc7a100tcsg324-1
Constraint Validation Runtime : Time (s): cpu = 00:00:00 ; elapsed = 00:00:00.037 . Memory (MB): peak = 654.352 ; gain = 0.000
Finished Constraint Validation : Time (s): cpu = 00:01:25 ; elapsed = 00:01:29 . Memory (MB): peak = 654.352 ; gain = 444.289
Finished Loading Part and Timing Information : Time (s): cpu = 00:01:25 ; elapsed = 00:01:29 . Memory (MB): peak = 654.352 ; gain = 444.289
Finished applying 'set_property' XDC Constraints : Time (s): cpu = 00:01:25 ; elapsed = 00:01:29 . Memory (MB): peak = 654.352 ; gain = 444.289
Finished RTL Optimization Phase 2 : Time (s): cpu = 00:01:25 ; elapsed = 00:01:30 . Memory (MB): peak = 654.352 ; gain = 444.289
Finished Cross Boundary and Area Optimization : Time (s): cpu = 00:01:26 ; elapsed = 00:01:30 . Memory (MB): peak = 654.352 ; gain = 444.289
Finished Applying XDC Timing Constraints : Time (s): cpu = 00:01:38 ; elapsed = 00:01:42 . Memory (MB): peak = 654.352 ; gain = 444.289
Finished Timing Optimization : Time (s): cpu = 00:01:38 ; elapsed = 00:01:42 . Memory (MB): peak = 654.352 ; gain = 444.289
Finished Technology Mapping : Time (s): cpu = 00:01:38 ; elapsed = 00:01:42 . Memory (MB): peak = 654.352 ; gain = 444.289
Finished IO Insertion : Time (s): cpu = 00:01:38 ; elapsed = 00:01:43 . Memory (MB): peak = 654.352 ; gain = 444.289
Finished Renaming Generated Instances : Time (s): cpu = 00:01:38 ; elapsed = 00:01:43 . Memory (MB): peak = 654.352 ; gain = 444.289
Finished Rebuilding User Hierarchy : Time (s): cpu = 00:01:38 ; elapsed = 00:01:43 . Memory (MB): peak = 654.352 ; gain = 444.289
Finished Renaming Generated Ports : Time (s): cpu = 00:01:38 ; elapsed = 00:01:43 . Memory (MB): peak = 654.352 ; gain = 444.289
Finished Handling Custom Attributes : Time (s): cpu = 00:01:39 ; elapsed = 00:01:43 . Memory (MB): peak = 654.352 ; gain = 444.289
Finished Renaming Generated Nets : Time (s): cpu = 00:01:39 ; elapsed = 00:01:43 . Memory (MB): peak = 654.352 ; gain = 444.289

Report Cell Usage: 
+------+---------+------+
|      |Cell     |Count |
+------+---------+------+
|1     |RAMB36E1 |     8|
+------+---------+------+
Finished Writing Synthesis Report : Time (s): cpu = 00:01:39 ; elapsed = 00:01:43 . Memory (MB): peak = 654.352 ; gain = 444.289
synth_design: Time (s): cpu = 00:01:35 ; elapsed = 00:01:38 . Memory (MB): peak = 680.602 ; gain = 419.754
