#-----------------------------------------------------------
# Vivado v2016.3 (64-bit)
# SW Build 1682563 on Mon Oct 10 19:07:27 MDT 2016
# IP Build 1681267 on Mon Oct 10 21:28:31 MDT 2016
# Start of session at: Thu May 11 09:29:14 2017
# Process ID: 8568
# Current directory: C:/College/Thesis/spi_test_noFIFO/spi
# Command line: vivado.exe -gui_launcher_event rodinguilauncherevent1856 C:\College\Thesis\spi_test_noFIFO\spi\spi.xpr
# Log file: C:/College/Thesis/spi_test_noFIFO/spi/vivado.log
# Journal file: C:/College/Thesis/spi_test_noFIFO/spi\vivado.jou
#-----------------------------------------------------------
start_gui
open_project C:/College/Thesis/spi_test_noFIFO/spi/spi.xpr
Scanning sources...
Finished scanning sources
INFO: [IP_Flow 19-234] Refreshing IP repositories
INFO: [IP_Flow 19-1704] No user IP repositories specified
INFO: [IP_Flow 19-2313] Loaded Vivado IP repository 'C:/Xilinx/Vivado/2016.3/data/ip'.
open_project: Time (s): cpu = 00:00:22 ; elapsed = 00:00:20 . Memory (MB): peak = 876.934 ; gain = 222.715
exit
INFO: [Common 17-206] Exiting Vivado at Thu May 11 09:30:05 2017...
